13.8576
13.4872
13.4872
13.4872
13.4872
13.1141
13.1141
13.1141
13.1141
12.7385
12.7385
12.7385
12.7385
12.3605
12.3605
12.3605
12.3605
11.9802
11.9802
11.9802
11.9802
11.5978
11.5978
11.5978
11.5978
11.5978
11.2133
11.2133
11.2133
11.2133
11.2133
10.8268
10.8268
10.8268
10.8268
10.8268
10.8268
10.8268
10.4385
10.4385
10.4385
10.4385
10.4385
10.4385
10.4385
10.4385
10.4385
10.4385
10.4385
10.4385
10.4385
10.4385
10.4385
10.4385
10.4385
10.4385
10.4385
10.4385
10.4385
10.4385
10.4385
10.4385
10.4385
10.4385
10.4385
10.8268
10.8268
10.8268
10.8268
10.8268
10.8268
11.2133
11.2133
11.2133
11.2133
11.2133
11.5978
11.5978
11.5978
11.5978
11.5978
11.9802
11.9802
11.9802
11.9802
12.3605
12.3605
12.3605
12.7385
12.7385
12.7385
