22.9968
22.9967
22.9967
22.9967
22.9967
22.9967
22.9966
22.9966
22.9966
22.9966
22.9966
22.9966
22.9965
22.9965
22.9965
22.9965
22.9965
22.9964
22.9964
22.9964
22.9964
22.9964
22.9963
22.9963
22.9963
22.9963
22.9962
22.9962
22.9962
22.9962
22.9962
22.9961
22.9961
22.9961
22.9961
22.996
22.996
22.996
22.996
22.9959
22.9959
22.9959
22.9959
22.9958
22.9958
22.9958
22.9958
22.9957
22.9957
22.9957
22.9956
22.9956
22.9956
22.9956
22.9955
22.9955
22.9955
22.9954
22.9954
22.9954
22.9953
22.9953
22.9953
22.9953
22.9952
22.9952
22.9952
22.9951
22.9951
22.9951
22.995
22.995
22.9949
22.9949
22.9949
22.9948
22.9948
22.9948
22.9947
22.9947
22.9946
22.9946
22.9946
22.9945
22.9945
22.9944
22.9944
22.9944
22.9943
22.9943
22.9942
22.9942
22.9941
22.9941
22.994
22.994
22.9939
22.9939
22.9938
22.9938
22.9937
22.9937
22.9936
22.9936
22.9935
22.9935
22.9934
22.9934
22.9933
22.9932
22.9932
22.9931
22.9931
22.993
22.9929
22.9929
22.9928
22.9928
22.9927
22.9926
22.9926
22.9925
22.9924
22.9923
22.9923
22.9922
22.9921
22.9921
22.992
22.9919
22.9918
22.9917
22.9917
22.9916
22.9915
22.9914
22.9913
22.9912
22.9912
22.9911
22.991
22.9909
22.9908
22.9907
22.9906
22.9905
22.9904
22.9903
22.9902
22.9901
22.99
22.9899
22.9897
22.9896
22.9895
22.9894
22.9893
22.9891
22.989
22.9889
22.9888
22.9886
22.9885
22.9884
22.9882
22.9881
22.9879
22.9878
22.9876
22.9875
22.9873
22.9872
22.987
22.9868
22.9866
22.9865
22.9863
22.9861
22.9859
22.9857
22.9855
22.9853
22.9851
22.9849
22.9847
22.9845
22.9843
22.9841
22.9838
22.9836
22.9834
22.9831
22.9829
22.9826
22.9823
22.9821
22.9818
22.9815
22.9812
22.9809
22.9806
22.9803
22.9799
22.9796
22.9793
22.9789
22.9786
22.9782
22.9778
22.9774
22.977
22.9766
22.9762
22.9758
22.9753
22.9749
22.9744
22.9739
22.9734
22.9729
22.9723
22.9718
22.9712
22.9706
22.97
22.9694
22.9688
22.9681
22.9674
22.9667
22.966
22.9652
22.9644
22.9636
22.9627
22.9619
22.961
22.96
22.959
22.958
22.957
22.9559
22.9547
22.9536
22.9523
22.951
22.9497
22.9483
22.9468
22.9453
22.9437
22.9421
22.9403
22.9385
22.9366
22.9346
22.9325
22.9303
22.928
22.9256
22.923
22.9203
22.9175
22.9145
22.9113
22.9079
22.9044
22.9006
22.8966
22.8924
22.8878
22.883
22.8779
22.8724
22.8665
22.8602
22.8535
22.8462
22.8384
22.83
22.8209
22.811
22.8003
22.7886
22.7759
22.7621
22.7469
22.7301
22.7117
22.6914
22.6689
22.6438
22.6159
22.5846
22.5494
22.5097
22.4648
22.4137
22.3555
22.2887
22.2119
22.1233
22.0207
21.9018
21.7639
21.6039
21.419
21.2062
20.9633
20.689
20.3833
20.0476
19.6853
19.301
18.9005
18.4902
18.0767
17.6665
17.2653
16.8779
16.5081
16.1584
15.8305
15.5259
15.2453
14.9897
14.7593
14.5539
14.3728
14.2143
14.0766
13.9573
13.8542
13.765
13.6878
13.6209
13.5626
13.5117
13.4671
13.4278
13.393
13.3623
13.3348
13.3103
13.2883
13.2686
13.2507
13.2345
13.2198
13.2065
13.1943
13.1831
13.1728
13.1634
13.1547
13.1466
13.1392
13.1323
13.1259
13.12
13.1144
13.1092
13.1044
13.0998
13.0956
13.0916
13.0879
13.0843
13.081
13.0779
13.0749
13.0721
13.0695
13.0669
13.0646
13.0623
13.0602
13.0581
13.0562
13.0543
13.0526
13.0509
13.0493
13.0478
13.0463
13.0449
13.0436
13.0423
13.0411
13.0399
13.0388
13.0377
13.0367
13.0357
13.0347
13.0338
13.0329
13.0321
13.0313
13.0305
13.0297
13.029
13.0283
13.0276
13.0269
13.0263
13.0257
13.0251
13.0245
13.024
13.0234
13.0229
13.0224
13.0219
13.0214
13.021
13.0205
13.0201
13.0197
13.0193
13.0189
13.0185
13.0181
13.0178
13.0174
13.0171
13.0167
13.0164
13.0161
13.0158
13.0155
13.0152
13.0149
13.0147
13.0144
13.0141
13.0139
13.0136
13.0134
13.0132
13.0129
13.0127
13.0125
13.0123
13.0121
13.0119
13.0117
13.0115
13.0113
13.0111
13.0109
13.0108
13.0106
13.0104
13.0102
13.0101
13.0099
13.0098
13.0096
13.0095
13.0093
13.0092
13.0091
13.0089
13.0088
13.0087
13.0085
13.0084
13.0083
13.0082
13.0081
13.0079
13.0078
13.0077
13.0076
13.0075
13.0074
13.0073
13.0072
13.0071
13.007
13.0069
13.0068
13.0067
13.0066
13.0066
13.0065
13.0064
13.0063
13.0062
13.0061
13.0061
13.006
13.0059
13.0058
13.0058
13.0057
13.0056
13.0056
13.0055
13.0054
13.0054
13.0053
13.0052
13.0052
13.0051
13.005
13.005
13.0049
13.0049
13.0048
13.0048
13.0047
13.0046
13.0046
13.0045
13.0045
13.0044
13.0044
13.0043
13.0043
13.0042
13.0042
13.0042
13.0041
13.0041
13.004
13.004
13.0039
13.0039
13.0038
13.0038
13.0038
13.0037
13.0037
13.0036
13.0036
13.0036
13.0035
13.0035
13.0035
13.0034
13.0034
13.0034
13.0033
13.0033
13.0033
13.0032
13.0032
13.0032
13.0031
13.0031
13.0031
13.003
13.003
13.003
13.0029
13.0029
13.0029
13.0029
13.0028
13.0028
13.0028
13.0028
13.0027
13.0027
13.0027
13.0027
13.0026
13.0026
13.0026
13.0026
13.0025
13.0025
13.0025
13.0025
13.0024
13.0024
13.0024
13.0024
13.0024
13.0023
13.0023
13.0023
13.0023
13.0023
13.0022
13.0022
13.0022
13.0022
13.0022
13.0021
13.0021
13.0021
13.0021
13.0021
13.002
13.002
13.002
13.002
13.002
13.002
13.0019
13.0019
13.0019
13.0019
13.0019
13.0019
13.0019
13.0018
13.0018
13.0018
13.0018
13.0018
13.0018
13.0017
13.0017
13.0017
13.0017
13.0017
13.0017
13.0017
13.0017
13.0016
13.0016
13.0016
13.0016
13.0016
13.0016
13.0016
13.0015
13.0015
13.0015
13.0015
13.0015
13.0015
13.0015
13.0015
13.0015
13.0014
13.0014
13.0014
13.0014
13.0014
13.0014
13.0014
13.0014
13.0014
13.0013
13.0013
13.0013
13.0013
13.0013
13.0013
13.0013
13.0013
13.0013
13.0013
13.0013
13.0012
13.0012
13.0012
13.0012
13.0012
13.0012
13.0012
13.0012
13.0012
13.0012
13.0012
13.0011
13.0011
13.0011
13.0011
13.0011
13.0011
13.0011
13.0011
13.0011
13.0011
13.0011
13.0011
13.0011
13.001
13.001
13.001
13.001
13.001
13.001
13.001
13.001
13.001
13.001
13.001
13.001
13.001
13.001
13.001
13.0009
13.0009
13.0009
12.998
12.9471
12.8372
12.6735
12.4618
12.2101
11.9247
11.6115
11.2762
10.9217
10.5525
10.171
9.7787
9.37831
8.97041
8.55645
8.13778
7.71393
7.28676
6.85628
6.42264
5.98697
5.54861
5.10848
4.66691
4.22321
3.7786
3.33257
2.8853
2.4375
1.98814
1.53829
1.08782
0.636217
0.184458
0.268224
0.721409
1.17464
1.62908
2.08347
2.53827
2.99372
3.44903
3.90516
4.36139
4.8176
5.27467
5.7315
6.18404
6.58469
6.92457
7.20949
7.44677
7.64401
7.80831
7.94578
8.06153
8.15967
8.24349
8.3156
8.37808
8.43257
8.4804
8.52263
8.56011
8.59356
8.62353
8.65052
8.67492
8.69706
8.71721
8.73562
8.75249
8.76799
8.78227
8.79546
8.80767
8.81899
8.82952
8.83933
8.84849
8.85705
8.86506
8.87258
8.87964
8.88628
8.89254
8.89844
8.90401
8.90928
8.91426
8.91898
8.92347
8.92772
8.93176
8.93561
8.93927
8.94276
8.94608
8.94926
8.95229
8.95519
8.95796
8.96062
8.96316
8.9656
8.96793
8.97018
8.97233
8.9744
8.97639
8.9783
8.98014
8.98191
8.98361
8.98526
8.98684
8.98837
8.98985
8.99127
8.99265
8.99398
8.99526
8.99651
8.99771
8.99887
9
9.00109
9.00214
9.00316
9.00416
9.00512
9.00605
9.00696
9.00783
9.00869
9.00952
9.01032
9.0111
9.01186
9.0126
9.01332
9.01402
9.0147
9.01536
9.016
9.01663
9.01724
9.01783
9.01841
9.01898
9.01953
9.02006
9.02059
9.0211
9.0216
9.02208
9.02256
9.02302
9.02347
9.02391
9.02434
9.02476
9.02517
9.02558
9.02597
9.02635
9.02673
9.02709
9.02745
9.0278
9.02815
9.02848
9.02881
9.02913
9.02945
9.02976
9.03006
9.03035
9.03064
9.03093
9.0312
9.03147
9.03174
9.032
9.03226
9.03251
9.03276
9.033
9.03323
9.03347
9.03369
9.03392
9.03414
9.03435
9.03456
9.03477
9.03497
9.03517
9.03537
9.03556
9.03575
9.03594
9.03612
9.0363
9.03647
9.03664
9.03681
9.03698
9.03715
9.03731
9.03746
9.03762
9.03777
9.03792
9.03807
9.03822
9.03836
9.0385
9.03864
9.03877
9.03891
9.03904
9.03917
9.0393
9.03942
9.03955
9.03967
9.03979
9.03991
9.04002
9.04014
9.04025
9.04036
9.04047
9.04057
9.04068
9.04078
9.04089
9.04099
9.04109
9.04119
9.04128
9.04138
9.04147
9.04156
9.04165
9.04174
9.04183
9.04192
9.04201
9.04209
9.04217
9.04226
9.04234
9.04242
9.0425
9.04258
9.04265
9.04273
9.0428
9.04288
9.04295
9.04302
9.04309
9.04316
9.04323
9.0433
9.04337
9.04343
9.0435
9.04356
9.04362
9.04369
9.04375
9.04381
9.04387
9.04393
9.04399
9.04405
9.04411
9.04416
9.04422
9.04427
9.04433
9.04438
9.04443
9.04449
9.04454
9.04459
9.04464
9.04469
9.04474
9.04479
9.04484
9.04489
9.04493
9.04498
9.04502
9.04507
9.04512
9.04516
9.0452
9.04525
9.04529
9.04533
9.04537
9.04542
9.04546
9.0455
9.04554
9.04558
9.04562
9.04565
9.04569
9.04573
9.04577
9.0458
9.04584
9.04588
9.04591
9.04595
9.04598
9.04602
9.04605
9.04608
9.04612
9.04615
9.04618
9.04622
9.04625
9.04628
9.04631
9.04634
9.04637
9.0464
9.04643
9.04646
9.04649
9.04652
9.04655
9.04658
9.04661
9.04663
9.04666
9.04669
9.04672
9.04674
9.04677
9.0468
9.04682
9.04685
9.04687
9.0469
9.04692
9.04695
9.04697
9.047
9.04702
9.04704
9.04707
9.04709
9.04711
9.04714
9.04716
9.04718
9.0472
9.04723
9.04725
9.04727
9.04729
9.04731
9.04733
9.04735
9.04737
9.04739
9.04741
9.04743
9.04745
9.04747
9.04749
9.04751
9.04753
9.04755
9.04757
9.04759
9.0476
9.04762
9.04764
9.04766
9.04768
9.04769
9.04771
9.04773
9.04774
9.04776
9.04778
9.04779
9.04781
9.04783
9.04784
9.04786
9.04788
9.04789
9.04791
9.04792
9.04794
9.04795
9.04797
9.04798
9.048
9.04801
9.04803
9.04804
9.04805
9.04807
9.04808
9.0481
9.04811
9.04812
9.04814
9.04815
9.04816
9.04818
9.04819
9.0482
9.04822
9.04823
9.04824
9.04825
9.04827
9.04828
9.04829
9.0483
9.04831
9.04833
9.04834
9.04835
9.04836
9.04837
9.04838
9.0484
9.04841
9.04842
9.04843
9.04844
9.04845
9.04846
9.04847
9.04848
9.04849
9.0485
9.04851
9.04852
9.04853
9.04854
9.04855
9.04856
9.04857
9.04858
9.04859
9.0486
9.04861
9.04862
9.04863
9.04864
9.04865
9.04866
9.04867
9.04868
9.04869
9.04869
9.0487
9.04871
9.04872
9.04873
9.04874
9.04875
9.04876
9.04876
9.04877
9.04878
9.04879
9.0488
9.0488
9.04881
9.04882
9.04883
9.04884
9.04884
9.04885
9.04886
9.04887
9.04887
9.04888
9.04889
9.0489
9.0489
9.04891
9.04892
9.04892
9.04893
9.04894
9.04895
9.04895
9.04896
9.04897
9.04897
9.04898
9.04899
9.04899
9.049
9.04901
9.04901
9.04902
9.04903
9.04903
9.04904
9.04904
9.04905
9.04906
9.04906
9.04907
9.04907
9.04908
9.04909
9.04909
9.0491
9.0491
9.04911
9.04912
9.04912
9.04913
9.04913
9.04914
9.04914
9.04915
9.04915
9.04916
9.04917
9.04917
9.04918
9.04918
9.04919
9.04919
9.0492
9.0492
9.04921
9.04921
9.04922
9.04922
9.04923
9.04923
9.04924
9.04924
9.04925
9.04925
9.04926
9.04926
9.04927
9.04927
9.04927
9.04928
9.04928
9.04929
9.04929
9.0493
9.0493
9.04931
9.04931
9.04931
9.04932
9.04932
9.04933
9.04933
9.04934
9.04934
9.04934
9.04935
9.04935
9.04936
9.04936
9.04936
9.04937
9.04937
9.04938
9.04938
9.04938
9.04939
9.04939
9.0494
9.0494
9.0494
9.04941
9.04941
9.04941
9.04942
9.04942
9.04943
9.04943
9.04943
9.04944
9.04944
9.04944
9.04945
9.04945
9.04945
9.04946
9.04946
9.04946
9.04947
9.04947
9.04947
9.04948
9.04948
9.04948
9.04949
9.04949
9.04949
9.0495
9.0495
9.0495
9.0495
9.04951
9.04951
9.04951
9.04952
9.04952
9.04952
9.04953
9.04953
9.04953
9.04953
9.04954
9.04954
9.04954
9.04955
9.04955
9.04955
9.04955
9.04956
9.04956
9.04956
9.04957
9.04957
9.04957
9.04957
9.04958
9.04958
9.04958
9.04958
9.04959
9.04959
9.04959
9.04959
9.0496
9.0496
9.0496
9.0496
9.04961
9.04961
9.04961
9.04961
9.04962
9.04962
9.04962
9.04962
9.04963
9.04963
9.04963
9.04963
9.04963
9.04964
9.04964
9.04964
9.04964
9.04965
9.04965
9.04965
9.04965
9.04965
9.04966
9.04966
9.04966
9.04966
9.04966
9.04967
9.04967
9.04967
9.04967
9.04967
9.04968
9.04968
9.04968
9.04968
9.04968
9.04969
9.04969
9.04969
9.04969
9.04969
9.0497
9.0497
9.0497
9.0497
9.0497
9.04971
9.04971
9.04971
9.04971
9.04971
9.04971
9.04972
9.04972
9.04972
9.04972
9.04972
9.04973
9.04973
9.04973
9.04973
9.04973
9.04973
9.04974
9.04974
9.04974
9.04974
9.04974
9.04974
9.04975
9.04975
9.04975
9.04975
9.04975
9.04975
9.04975
9.04976
9.04976
9.04976
9.04976
9.04976
9.04976
9.04977
9.04977
9.04977
9.04977
9.04977
9.04977
9.04977
9.04978
9.04978
9.04978
9.04978
9.04978
9.04978
9.04978
9.04978
9.04979
9.04979
9.04979
9.04979
9.04979
9.04979
9.04979
9.0498
9.0498
9.0498
9.0498
9.0498
9.0498
9.0498
9.0498
9.04981
9.04981
9.04981
9.04981
9.04981
9.04981
9.04981
9.04981
9.04982
9.04982
9.04982
9.04982
9.04982
9.04982
9.04982
9.04982
9.04982
9.04983
9.04983
9.04983
9.04983
9.04983
9.04983
9.04983
9.04983
9.04983
9.04984
9.04984
9.04984
9.04984
9.04984
9.04984
9.04984
9.04984
9.04984
9.04985
9.04985
9.04985
9.04985
9.04985
9.04985
9.04985
9.04985
9.04985
9.04985
9.04985
9.04986
9.04986
9.04986
9.04986
9.04986
9.04986
9.04986
9.04986
9.04986
9.04986
9.04987
9.04987
9.04987
9.04987
9.04987
9.04987
9.04987
9.04987
9.04987
9.04987
9.04987
9.04987
9.04988
9.04988
9.04988
9.04988
9.04988
9.04988
9.04988
9.04988
9.04988
9.04988
9.04988
9.04988
9.04989
9.04989
9.04989
9.04989
9.04989
9.04989
9.04989
9.04989
9.04989
9.04989
9.04989
9.04989
9.04989
9.0499
9.0499
9.0499
9.0499
9.0499
9.0499
9.0499
9.0499
9.0499
9.0499
9.0499
9.0499
9.0499
9.0499
9.0499
9.04991
9.04991
9.04991
9.04991
9.04991
9.04991
9.04991
9.04991
9.04991
9.04991
9.04991
9.04991
9.04991
9.04991
9.04991
9.04992
9.04992
9.04992
9.04992
9.04992
9.04992
9.04992
9.04992
9.04992
9.04992
9.04992
9.04992
9.04992
9.04992
9.04992
9.04992
9.04992
9.04993
9.04993
9.04993
9.04993
9.04993
9.04993
9.04993
9.04993
9.04993
9.04993
9.04993
9.04993
9.04993
9.04993
9.04993
9.04993
9.04993
9.04993
9.04993
9.04993
9.04994
9.04994
9.04994
9.04994
9.04994
9.04994
9.04994
9.04994
9.04994
9.04994
9.04994
9.04994
9.04994
9.04994
9.04994
9.04994
9.04994
9.04994
9.04994
9.04994
9.04994
9.04995
9.04995
9.04995
9.04995
9.04995
9.04995
9.04995
9.04995
9.04995
9.04995
9.04995
9.04995
9.04995
9.04995
9.04995
9.04995
9.04995
9.04995
9.04995
9.04995
9.04995
9.04995
9.04995
9.04995
9.04995
9.04996
9.04996
9.04996
9.04996
9.04996
9.04996
9.04996
9.04996
9.04996
9.04996
9.04996
9.04996
9.04996
9.04996
9.04996
9.04996
9.04996
9.04996
9.04996
9.04996
9.04996
9.04996
9.04996
9.04996
9.04996
9.04996
9.04996
9.04996
9.04996
9.04997
9.04997
9.04997
9.04997
9.04997
9.04997
9.04997
9.04997
9.04997
9.04997
9.04997
9.04997
9.04997
9.04997
9.04997
9.04997
9.04997
9.04997
9.04997
9.04997
9.04997
9.04997
9.04997
9.04997
9.04997
9.04997
9.04997
9.04997
9.04997
9.04997
9.04997
9.04997
9.04997
9.04997
9.04997
9.04997
9.04997
9.04998
9.04998
9.04998
9.04998
9.04998
9.04998
9.04998
9.04998
9.04998
9.04998
9.04998
9.04998
9.04998
9.04998
9.04998
9.04998
9.04998
9.04998
9.04998
9.04998
9.04998
9.04998
9.04998
9.04998
9.04998
9.04998
9.04998
9.04998
9.04998
9.04998
9.04998
9.04998
9.04998
9.04998
9.04998
9.04998
9.04998
9.04998
9.04998
9.04998
9.04998
9.04998
9.04998
9.04998
9.04998
9.04998
9.04998
9.04998
9.04999
9.04999
9.04999
9.04999
9.04999
9.04999
9.04999
9.04999
9.04999
9.04999
9.04999
9.04999
9.04999
9.04999
9.04999
9.04999
9.04999
9.04999
9.04999
9.04999
9.04999
9.04999
9.04999
9.04999
9.04999
9.04999
9.04999
9.04999
9.04999
9.04999
9.04999
9.04999
9.04999
9.04999
9.04999
9.04999
9.04999
9.04999
9.04999
9.04999
9.04999
9.04999
9.04999
9.04999
9.04999
9.04999
9.04999
9.04999
9.04999
9.04999
9.04999
9.04999
9.04999
9.04999
9.04999
9.04999
9.04999
9.04999
9.04999
9.04999
9.04999
9.04999
9.04999
9.04999
9.04999
9.04999
9.04999
9.04999
9.04999
9.04999
9.04999
9.04999
9.04999
9.04999
9.04999
9.04999
9.04999
9.04999
9.04999
9.05
9.05
9.05
9.05
9.05
9.05
9.05
9.05
9.05
9.05
9.05
9.05
9.05
9.05
9.05
9.05
9.05
9.05
9.05
9.05
9.05
9.05
9.05
9.05
9.05
9.05
9.05
9.05
9.05
9.05
9.05
9.05
9.05
9.05
9.05
9.05
9.05
9.05
9.05
9.05
9.05
9.05
9.05
9.05
9.05
9.05
9.05
9.05
9.05
9.05
9.05
9.05
9.05
9.05
9.05
9.05
9.05
9.05
9.05
9.05
9.05
9.05
9.05
9.05
9.05
9.05
9.05
9.05
9.05
9.05
9.05
9.05
9.05
9.05
9.05
9.05
9.05
9.05
9.05
9.05
9.05
9.05
9.05
9.05
9.05
9.05
9.05
9.05
9.05
9.05
9.05
9.05
9.05
9.05
9.05
9.05
9.05
9.05
9.05
9.05
9.05
9.05
9.05
9.05
9.05
9.05
9.05
9.05
9.05
9.05
9.05
9.05
9.05
9.05
9.05
9.05
9.05
9.05
9.05
9.05
9.05
9.05
9.05
9.05
9.05
9.05
9.05
9.05
23
