16.9451
16.7086
16.4698
16.4698
16.2293
15.9877
15.7456
15.5036
15.2622
15.0218
14.7831
14.5463
14.3118
14.08
13.8512
13.6256
13.6256
13.4035
13.185
12.9703
12.7595
12.5528
12.3501
12.1515
12.1515
11.9571
11.7669
11.5808
11.5808
11.3989
11.221
11.0472
11.0472
10.8773
10.8773
10.7115
10.5494
10.5494
10.3912
10.3912
10.2367
10.2367
10.0858
10.0858
10.0858
9.93849
9.93849
9.93849
9.93849
9.79465
9.79465
9.79465
9.79465
9.79465
9.79465
9.79465
9.79465
9.79465
9.79465
9.79465
9.79465
9.79465
9.79465
9.93849
9.93849
9.93849
10.0858
10.0858
10.0858
10.2367
10.2367
10.3912
10.3912
10.5494
10.7115
10.7115
10.8773
11.0472
11.221
11.221
11.3989
11.5808
11.7669
11.9571
12.1515
12.3501
12.5528
12.7595
12.9703
13.185
13.4035
